<?xml version="1.0" encoding="UTF-8"?>
<!-- Generated by org.testng.reporters.JUnitReportReporter -->
<testsuite hostname="CHN1-LHP-N81682" failures="0" tests="1" name="demo.LoginApp_Test" time="4.202" errors="0" timestamp="2022-04-13T23:24:01 IST" skipped="0">
  <testcase classname="demo.LoginApp_Test" name="testLogin" time="4.202"/>
  <system-out/>
</testsuite> <!-- demo.LoginApp_Test -->
