<?xml version="1.0" encoding="UTF-8"?>
<!-- Generated by org.testng.reporters.JUnitReportReporter -->
<testsuite hostname="CHN1-LHP-N81682" failures="0" tests="1" name="demo.LoginApp_Test" time="3.404" errors="0" timestamp="2022-04-13T16:23:36 IST" skipped="0">
  <testcase classname="demo.LoginApp_Test" name="testLogin" time="3.404"/>
  <system-out/>
</testsuite> <!-- demo.LoginApp_Test -->
